Unity Editor version:    2020.3.26f1 (7298b473bc1a)
Branch:                  2020.3/staging
Build type:              Release
Batch mode:              YES
macOS version:           Version 10.14.6 (Build 18G9323)
Darwin version:          18.7.0
Architecture:            x86_64
Running under Rosetta:   NO
Available memory:        8192 MB
Using pre-set license
Pro License: NO

COMMAND LINE ARGUMENTS:
/Volumes/HDD/unity/2020.3.16f1/2020.3.26f1/Unity.app/Contents/MacOS/Unity
-adb2
-batchMode
-noUpm
-name
AssetImportWorker9
-projectPath
/Volumes/HDD/unity/VR-refs
-logFile
Logs/AssetImportWorker9.log
-srvPort
57233
Successfully changed project path to: /Volumes/HDD/unity/VR-refs
/Volumes/HDD/unity/VR-refs
Using Asset Import Pipeline V2.
Refreshing native plugins compatible for Editor in 70.10 ms, found 2 plugins.
Preloading 0 native plugins for Editor in 0.00 ms.
Initialize engine version: 2020.3.26f1 (7298b473bc1a)
[Subsystems] Discovering subsystems at path /Volumes/HDD/unity/2020.3.16f1/2020.3.26f1/Unity.app/Contents/Resources/UnitySubsystems
[Subsystems] Discovering subsystems at path /Volumes/HDD/unity/VR-refs/Assets
GfxDevice: creating device client; threaded=0
2022-02-07 10:26:09.432 Unity[15274:801526] Color LCD preferred device: NVIDIA GeForce GT 650M (high power)
2022-02-07 10:26:09.432 Unity[15274:801526] Metal devices available: 2
2022-02-07 10:26:09.432 Unity[15274:801526] 0: NVIDIA GeForce GT 650M (high power)
2022-02-07 10:26:09.432 Unity[15274:801526] 1: Intel HD Graphics 4000 (low power)
2022-02-07 10:26:09.433 Unity[15274:801526] Using device NVIDIA GeForce GT 650M (high power)
Initializing Metal device caps: NVIDIA GeForce GT 650M
Initialize mono
Mono path[0] = '/Volumes/HDD/unity/2020.3.16f1/2020.3.26f1/Unity.app/Contents/Managed'
Mono path[1] = '/Volumes/HDD/unity/2020.3.16f1/2020.3.26f1/Unity.app/Contents/MonoBleedingEdge/lib/mono/unityjit'
Mono config path = '/Volumes/HDD/unity/2020.3.16f1/2020.3.26f1/Unity.app/Contents/MonoBleedingEdge/etc'
Using monoOptions --debugger-agent=transport=dt_socket,embedding=1,server=y,suspend=n,address=127.0.0.1:56274
Begin MonoManager ReloadAssembly
Registering precompiled unity dll's ...
Register platform support module: /Volumes/HDD/unity/2020.3.16f1/2020.3.26f1/Unity.app/Contents/PlaybackEngines/MacStandaloneSupport/UnityEditor.OSXStandalone.Extensions.dll
Register platform support module: /Volumes/HDD/unity/2020.3.16f1/2020.3.26f1/PlaybackEngines/WindowsStandaloneSupport/UnityEditor.WindowsStandalone.Extensions.dll
Registered in 0.000769 seconds.
Native extension for WindowsStandalone target not found
Native extension for OSXStandalone target not found
Refreshing native plugins compatible for Editor in 69.22 ms, found 2 plugins.
Preloading 0 native plugins for Editor in 0.00 ms.
Mono: successfully reloaded assembly
- Completed reload, in  1.056 seconds
Domain Reload Profiling:
	ReloadAssembly (1056ms)
		BeginReloadAssembly (64ms)
			ExecutionOrderSort (0ms)
			DisableScriptedObjects (0ms)
			BackupInstance (0ms)
			ReleaseScriptingObjects (0ms)
			CreateAndSetChildDomain (1ms)
		EndReloadAssembly (863ms)
			LoadAssemblies (63ms)
			RebuildTransferFunctionScriptingTraits (0ms)
			SetupTypeCache (321ms)
			ReleaseScriptCaches (0ms)
			RebuildScriptCaches (63ms)
			SetupLoadedEditorAssemblies (330ms)
				LogAssemblyErrors (0ms)
				InitializePlatformSupportModulesInManaged (8ms)
				SetLoadedEditorAssemblies (0ms)
				RefreshPlugins (69ms)
				BeforeProcessingInitializeOnLoad (46ms)
				ProcessInitializeOnLoadAttributes (160ms)
				ProcessInitializeOnLoadMethodAttributes (47ms)
				AfterProcessingInitializeOnLoad (0ms)
				EditorAssembliesLoaded (0ms)
			ExecutionOrderSort2 (0ms)
			AwakeInstancesAfterBackupRestoration (0ms)
Platform modules already initialized, skipping
Registering precompiled user dll's ...
Registered in 0.003072 seconds.
Begin MonoManager ReloadAssembly
Native extension for WindowsStandalone target not found
Native extension for OSXStandalone target not found
Refreshing native plugins compatible for Editor in 0.71 ms, found 2 plugins.
Preloading 0 native plugins for Editor in 0.00 ms.
Mono: successfully reloaded assembly
- Completed reload, in  1.938 seconds
Domain Reload Profiling:
	ReloadAssembly (1940ms)
		BeginReloadAssembly (246ms)
			ExecutionOrderSort (0ms)
			DisableScriptedObjects (9ms)
			BackupInstance (0ms)
			ReleaseScriptingObjects (0ms)
			CreateAndSetChildDomain (46ms)
		EndReloadAssembly (1584ms)
			LoadAssemblies (119ms)
			RebuildTransferFunctionScriptingTraits (0ms)
			SetupTypeCache (612ms)
			ReleaseScriptCaches (1ms)
			RebuildScriptCaches (96ms)
			SetupLoadedEditorAssemblies (549ms)
				LogAssemblyErrors (0ms)
				InitializePlatformSupportModulesInManaged (8ms)
				SetLoadedEditorAssemblies (1ms)
				RefreshPlugins (1ms)
				BeforeProcessingInitializeOnLoad (133ms)
				ProcessInitializeOnLoadAttributes (391ms)
				ProcessInitializeOnLoadMethodAttributes (14ms)
				AfterProcessingInitializeOnLoad (2ms)
				EditorAssembliesLoaded (0ms)
			ExecutionOrderSort2 (0ms)
			AwakeInstancesAfterBackupRestoration (12ms)
Platform modules already initialized, skipping
Validating Project structure ... 0.012609 seconds.
Shader import version has changed; will reimport all shaders...
Upgrading shader files ...0.021877 seconds.
Application.AssetDatabase Initial Script Refresh Start
RefreshInfo: InitialScriptRefreshV2(NoUpdateAssetOptions) scanfilter:  ... 1 filters
RefreshProfiler: Total: 0.000ms
Application.AssetDatabase Initial Script Refresh End
Application.AssetDatabase.Refresh Start
Application.AssetDatabase.Refresh End
RefreshInfo: StopAssetImportingV2(ForceSynchronousImport) scanfilter: 
RefreshProfiler: Total: 0.000ms
Launching external process: /Volumes/HDD/unity/2020.3.16f1/2020.3.26f1/Unity.app/Contents/Tools/UnityShaderCompiler
Launched and connected shader compiler UnityShaderCompiler after 0.02 seconds
Initializing Unity extensions:
========================================================================
Worker process is ready to serve import requests
Refreshing native plugins compatible for Editor in 0.68 ms, found 2 plugins.
Preloading 0 native plugins for Editor in 0.00 ms.
Unloading 1961 Unused Serialized files (Serialized files now loaded: 0)
System memory in use before: 194.3 MB.
System memory in use after: 192.1 MB.

Unloading 244 unused Assets to reduce memory usage. Loaded Objects now: 2416.
Total: 5.227779 ms (FindLiveObjects: 0.229071 ms CreateObjectMapping: 0.101991 ms MarkObjects: 3.777378 ms  DeleteObjects: 1.117728 ms)

AssetImportParameters requested are different than current active one (requested -> active):
  custom:video-decoder-ogg-theora: a1e56fd34408186e4bbccfd4996cb3dc -> 
  custom:container-muxer-webm: aa71ff27fc2769a1b78a27578f13a17b -> 
  custom:container-demuxer-webm: 4f35f7cbe854078d1ac9338744f61a02 -> 
  custom:container-demuxer-ogg: 62fdf1f143b41e24485cea50d1cbac27 -> 
  custom:video-encoder-webm-vp8: eb34c28f22e8b96e1ab97ce403110664 -> 
  custom:framework-osx-AVFoundation: b23960f63f64bdc6ff669e2cdcee2391 -> 
  custom:video-decoder-webm-vp8: 9c59270c3fd7afecdb556c50c9e8de78 -> 
  custom:audio-decoder-ogg-vorbis: bf7c407c2cedff20999df2af8eb42d56 -> 
  custom:audio-encoder-webm-vorbis: bf7c407c2cedff20999df2af8eb42d56 -> 
========================================================================
Received Import Request.
  path: Assets/main/Weapon.cs
  artifactKey: Guid(6fd78d7ae16c346e5be37c4c496de9ef) Importer(815301076,1909f56bfc062723c751e8b465ee728b)
Start importing Assets/main/Weapon.cs using Guid(6fd78d7ae16c346e5be37c4c496de9ef) Importer(815301076,1909f56bfc062723c751e8b465ee728b)  -> (artifact id: '445209a797968cd5eee996254ea4b8ba') in 0.373531 seconds 
  Import took 0.407588 seconds .

========================================================================
Received Import Request.
  Time since last request: 306.786352 seconds.
  path: Assets/main/Weapon.cs
  artifactKey: Guid(6fd78d7ae16c346e5be37c4c496de9ef) Importer(815301076,1909f56bfc062723c751e8b465ee728b)
Start importing Assets/main/Weapon.cs using Guid(6fd78d7ae16c346e5be37c4c496de9ef) Importer(815301076,1909f56bfc062723c751e8b465ee728b)  -> (artifact id: 'c8d89ccf88db08f777b736e76926d6c0') in 0.082923 seconds 
  Import took 0.209244 seconds .

========================================================================
Received Prepare
Registering precompiled user dll's ...
Registered in 0.101080 seconds.
Begin MonoManager ReloadAssembly
Native extension for WindowsStandalone target not found
Native extension for OSXStandalone target not found
Refreshing native plugins compatible for Editor in 0.74 ms, found 2 plugins.
Preloading 0 native plugins for Editor in 0.00 ms.
Mono: successfully reloaded assembly
Exception thrown while invoking [DidReloadScripts] method 'Valve.VR.SteamVR_CopyExampleInputFiles:OnReloadScripts ()' : ArgumentException: The specified path is not of a legal form (empty).
  at System.IO.Path.InsecureGetFullPath (System.String path) [0x00025] in <695d1cc93cca45069c528c15c9fdd749>:0 
  at System.IO.Path.GetFullPathInternal (System.String path) [0x00000] in <695d1cc93cca45069c528c15c9fdd749>:0 
  at System.IO.FileInfo.Init (System.String fileName, System.Boolean checkHost) [0x00007] in <695d1cc93cca45069c528c15c9fdd749>:0 
  at System.IO.FileInfo..ctor (System.String fileName) [0x00014] in <695d1cc93cca45069c528c15c9fdd749>:0 
  at (wrapper remoting-invoke-with-check) System.IO.FileInfo..ctor(string)
  at Valve.VR.SteamVR.GetSteamVRFolderParentPath (System.Boolean localToAssetsFolder) [0x0000f] in /Volumes/HDD/unity/VR-refs/Assets/SteamVR/Scripts/SteamVR.cs:399 
  at Valve.VR.SteamVR.GetSteamVRResourcesFolderPath (System.Boolean localToAssetsFolder) [0x00000] in /Volumes/HDD/unity/VR-refs/Assets/SteamVR/Scripts/SteamVR.cs:436 
  at Valve.VR.SteamVR_Settings.LoadInstance () [0x00033] in /Volumes/HDD/unity/VR-refs/Assets/SteamVR/Scripts/SteamVR_Settings.cs:110 
  at Valve.VR.SteamVR_Settings.get_instance () [0x00000] in /Volumes/HDD/unity/VR-refs/Assets/SteamVR/Scripts/SteamVR_Settings.cs:18 
  at Valve.VR.SteamVR_Input.CheckOldLocation () [0x00014] in /Volumes/HDD/unity/VR-refs/Assets/SteamVR/Input/SteamVR_Input.cs:1312 
  at Valve.VR.SteamVR_CopyExampleInputFiles.OnReloadScripts () [0x00000] in /Volumes/HDD/unity/VR-refs/Assets/SteamVR/Input/Editor/SteamVR_CopyExampleInputFiles.cs:20 

(Filename: Assets/SteamVR/Scripts/SteamVR.cs Line: 399)

- Completed reload, in  2.852 seconds
Domain Reload Profiling:
	ReloadAssembly (2856ms)
		BeginReloadAssembly (313ms)
			ExecutionOrderSort (0ms)
			DisableScriptedObjects (17ms)
			BackupInstance (0ms)
			ReleaseScriptingObjects (0ms)
			CreateAndSetChildDomain (177ms)
		EndReloadAssembly (2422ms)
			LoadAssemblies (658ms)
			RebuildTransferFunctionScriptingTraits (0ms)
			SetupTypeCache (635ms)
			ReleaseScriptCaches (1ms)
			RebuildScriptCaches (81ms)
			SetupLoadedEditorAssemblies (678ms)
				LogAssemblyErrors (0ms)
				InitializePlatformSupportModulesInManaged (9ms)
				SetLoadedEditorAssemblies (1ms)
				RefreshPlugins (1ms)
				BeforeProcessingInitializeOnLoad (197ms)
				ProcessInitializeOnLoadAttributes (403ms)
				ProcessInitializeOnLoadMethodAttributes (66ms)
				AfterProcessingInitializeOnLoad (2ms)
				EditorAssembliesLoaded (0ms)
			ExecutionOrderSort2 (0ms)
			AwakeInstancesAfterBackupRestoration (12ms)
Platform modules already initialized, skipping
Refreshing native plugins compatible for Editor in 0.72 ms, found 2 plugins.
Preloading 0 native plugins for Editor in 0.00 ms.
Unloading 1900 Unused Serialized files (Serialized files now loaded: 0)
System memory in use before: 188.0 MB.
System memory in use after: 188.0 MB.

Unloading 23 unused Assets to reduce memory usage. Loaded Objects now: 2433.
Total: 4.167277 ms (FindLiveObjects: 0.226500 ms CreateObjectMapping: 0.082867 ms MarkObjects: 3.746634 ms  DeleteObjects: 0.109862 ms)

AssetImportParameters requested are different than current active one (requested -> active):
  custom:video-decoder-ogg-theora: a1e56fd34408186e4bbccfd4996cb3dc -> 
  custom:container-muxer-webm: aa71ff27fc2769a1b78a27578f13a17b -> 
  custom:container-demuxer-webm: 4f35f7cbe854078d1ac9338744f61a02 -> 
  custom:container-demuxer-ogg: 62fdf1f143b41e24485cea50d1cbac27 -> 
  custom:video-encoder-webm-vp8: eb34c28f22e8b96e1ab97ce403110664 -> 
  custom:framework-osx-AVFoundation: b23960f63f64bdc6ff669e2cdcee2391 -> 
  custom:video-decoder-webm-vp8: 9c59270c3fd7afecdb556c50c9e8de78 -> 
  custom:audio-decoder-ogg-vorbis: bf7c407c2cedff20999df2af8eb42d56 -> 
  custom:audio-encoder-webm-vorbis: bf7c407c2cedff20999df2af8eb42d56 -> 
========================================================================
Received Prepare
Registering precompiled user dll's ...
Registered in 0.103897 seconds.
Begin MonoManager ReloadAssembly
Native extension for WindowsStandalone target not found
Native extension for OSXStandalone target not found
Refreshing native plugins compatible for Editor in 0.75 ms, found 2 plugins.
Preloading 0 native plugins for Editor in 0.00 ms.
Mono: successfully reloaded assembly
Exception thrown while invoking [DidReloadScripts] method 'Valve.VR.SteamVR_CopyExampleInputFiles:OnReloadScripts ()' : ArgumentException: The specified path is not of a legal form (empty).
  at System.IO.Path.InsecureGetFullPath (System.String path) [0x00025] in <695d1cc93cca45069c528c15c9fdd749>:0 
  at System.IO.Path.GetFullPathInternal (System.String path) [0x00000] in <695d1cc93cca45069c528c15c9fdd749>:0 
  at System.IO.FileInfo.Init (System.String fileName, System.Boolean checkHost) [0x00007] in <695d1cc93cca45069c528c15c9fdd749>:0 
  at System.IO.FileInfo..ctor (System.String fileName) [0x00014] in <695d1cc93cca45069c528c15c9fdd749>:0 
  at (wrapper remoting-invoke-with-check) System.IO.FileInfo..ctor(string)
  at Valve.VR.SteamVR.GetSteamVRFolderParentPath (System.Boolean localToAssetsFolder) [0x0000f] in /Volumes/HDD/unity/VR-refs/Assets/SteamVR/Scripts/SteamVR.cs:399 
  at Valve.VR.SteamVR.GetSteamVRResourcesFolderPath (System.Boolean localToAssetsFolder) [0x00000] in /Volumes/HDD/unity/VR-refs/Assets/SteamVR/Scripts/SteamVR.cs:436 
  at Valve.VR.SteamVR_Settings.LoadInstance () [0x00033] in /Volumes/HDD/unity/VR-refs/Assets/SteamVR/Scripts/SteamVR_Settings.cs:110 
  at Valve.VR.SteamVR_Settings.get_instance () [0x00000] in /Volumes/HDD/unity/VR-refs/Assets/SteamVR/Scripts/SteamVR_Settings.cs:18 
  at Valve.VR.SteamVR_Input.CheckOldLocation () [0x00014] in /Volumes/HDD/unity/VR-refs/Assets/SteamVR/Input/SteamVR_Input.cs:1312 
  at Valve.VR.SteamVR_CopyExampleInputFiles.OnReloadScripts () [0x00000] in /Volumes/HDD/unity/VR-refs/Assets/SteamVR/Input/Editor/SteamVR_CopyExampleInputFiles.cs:20 

(Filename: Assets/SteamVR/Scripts/SteamVR.cs Line: 399)

- Completed reload, in  3.053 seconds
Domain Reload Profiling:
	ReloadAssembly (3076ms)
		BeginReloadAssembly (361ms)
			ExecutionOrderSort (0ms)
			DisableScriptedObjects (20ms)
			BackupInstance (0ms)
			ReleaseScriptingObjects (0ms)
			CreateAndSetChildDomain (175ms)
		EndReloadAssembly (2602ms)
			LoadAssemblies (736ms)
			RebuildTransferFunctionScriptingTraits (0ms)
			SetupTypeCache (662ms)
			ReleaseScriptCaches (1ms)
			RebuildScriptCaches (82ms)
			SetupLoadedEditorAssemblies (741ms)
				LogAssemblyErrors (0ms)
				InitializePlatformSupportModulesInManaged (7ms)
				SetLoadedEditorAssemblies (1ms)
				RefreshPlugins (1ms)
				BeforeProcessingInitializeOnLoad (209ms)
				ProcessInitializeOnLoadAttributes (423ms)
				ProcessInitializeOnLoadMethodAttributes (99ms)
				AfterProcessingInitializeOnLoad (1ms)
				EditorAssembliesLoaded (0ms)
			ExecutionOrderSort2 (0ms)
			AwakeInstancesAfterBackupRestoration (26ms)
Platform modules already initialized, skipping
Refreshing native plugins compatible for Editor in 0.73 ms, found 2 plugins.
Preloading 0 native plugins for Editor in 0.00 ms.
Unloading 1900 Unused Serialized files (Serialized files now loaded: 0)
System memory in use before: 189.0 MB.
System memory in use after: 189.0 MB.

Unloading 22 unused Assets to reduce memory usage. Loaded Objects now: 2449.
Total: 4.902212 ms (FindLiveObjects: 0.259136 ms CreateObjectMapping: 0.086223 ms MarkObjects: 4.382376 ms  DeleteObjects: 0.172837 ms)

AssetImportParameters requested are different than current active one (requested -> active):
  custom:video-decoder-ogg-theora: a1e56fd34408186e4bbccfd4996cb3dc -> 
  custom:container-muxer-webm: aa71ff27fc2769a1b78a27578f13a17b -> 
  custom:container-demuxer-webm: 4f35f7cbe854078d1ac9338744f61a02 -> 
  custom:container-demuxer-ogg: 62fdf1f143b41e24485cea50d1cbac27 -> 
  custom:video-encoder-webm-vp8: eb34c28f22e8b96e1ab97ce403110664 -> 
  custom:framework-osx-AVFoundation: b23960f63f64bdc6ff669e2cdcee2391 -> 
  custom:video-decoder-webm-vp8: 9c59270c3fd7afecdb556c50c9e8de78 -> 
  custom:audio-decoder-ogg-vorbis: bf7c407c2cedff20999df2af8eb42d56 -> 
  custom:audio-encoder-webm-vorbis: bf7c407c2cedff20999df2af8eb42d56 -> 
========================================================================
Received Import Request.
  Time since last request: 1456.889089 seconds.
  path: Assets/main/Weapon.cs
  artifactKey: Guid(6fd78d7ae16c346e5be37c4c496de9ef) Importer(815301076,1909f56bfc062723c751e8b465ee728b)
Start importing Assets/main/Weapon.cs using Guid(6fd78d7ae16c346e5be37c4c496de9ef) Importer(815301076,1909f56bfc062723c751e8b465ee728b)  -> (artifact id: '4b11ffcac9d21a7792075cceb22f7f77') in 0.016248 seconds 
  Import took 0.148655 seconds .

========================================================================
Received Prepare
Registering precompiled user dll's ...
Registered in 0.122229 seconds.
Begin MonoManager ReloadAssembly
Native extension for WindowsStandalone target not found
Native extension for OSXStandalone target not found
Refreshing native plugins compatible for Editor in 0.73 ms, found 2 plugins.
Preloading 0 native plugins for Editor in 0.00 ms.
Mono: successfully reloaded assembly
Exception thrown while invoking [DidReloadScripts] method 'Valve.VR.SteamVR_CopyExampleInputFiles:OnReloadScripts ()' : ArgumentException: The specified path is not of a legal form (empty).
  at System.IO.Path.InsecureGetFullPath (System.String path) [0x00025] in <695d1cc93cca45069c528c15c9fdd749>:0 
  at System.IO.Path.GetFullPathInternal (System.String path) [0x00000] in <695d1cc93cca45069c528c15c9fdd749>:0 
  at System.IO.FileInfo.Init (System.String fileName, System.Boolean checkHost) [0x00007] in <695d1cc93cca45069c528c15c9fdd749>:0 
  at System.IO.FileInfo..ctor (System.String fileName) [0x00014] in <695d1cc93cca45069c528c15c9fdd749>:0 
  at (wrapper remoting-invoke-with-check) System.IO.FileInfo..ctor(string)
  at Valve.VR.SteamVR.GetSteamVRFolderParentPath (System.Boolean localToAssetsFolder) [0x0000f] in /Volumes/HDD/unity/VR-refs/Assets/SteamVR/Scripts/SteamVR.cs:399 
  at Valve.VR.SteamVR.GetSteamVRResourcesFolderPath (System.Boolean localToAssetsFolder) [0x00000] in /Volumes/HDD/unity/VR-refs/Assets/SteamVR/Scripts/SteamVR.cs:436 
  at Valve.VR.SteamVR_Settings.LoadInstance () [0x00033] in /Volumes/HDD/unity/VR-refs/Assets/SteamVR/Scripts/SteamVR_Settings.cs:110 
  at Valve.VR.SteamVR_Settings.get_instance () [0x00000] in /Volumes/HDD/unity/VR-refs/Assets/SteamVR/Scripts/SteamVR_Settings.cs:18 
  at Valve.VR.SteamVR_Input.CheckOldLocation () [0x00014] in /Volumes/HDD/unity/VR-refs/Assets/SteamVR/Input/SteamVR_Input.cs:1312 
  at Valve.VR.SteamVR_CopyExampleInputFiles.OnReloadScripts () [0x00000] in /Volumes/HDD/unity/VR-refs/Assets/SteamVR/Input/Editor/SteamVR_CopyExampleInputFiles.cs:20 

(Filename: Assets/SteamVR/Scripts/SteamVR.cs Line: 399)

- Completed reload, in  2.637 seconds
Domain Reload Profiling:
	ReloadAssembly (2678ms)
		BeginReloadAssembly (247ms)
			ExecutionOrderSort (0ms)
			DisableScriptedObjects (9ms)
			BackupInstance (0ms)
			ReleaseScriptingObjects (0ms)
			CreateAndSetChildDomain (100ms)
		EndReloadAssembly (2315ms)
			LoadAssemblies (583ms)
			RebuildTransferFunctionScriptingTraits (0ms)
			SetupTypeCache (621ms)
			ReleaseScriptCaches (1ms)
			RebuildScriptCaches (80ms)
			SetupLoadedEditorAssemblies (700ms)
				LogAssemblyErrors (0ms)
				InitializePlatformSupportModulesInManaged (8ms)
				SetLoadedEditorAssemblies (1ms)
				RefreshPlugins (1ms)
				BeforeProcessingInitializeOnLoad (196ms)
				ProcessInitializeOnLoadAttributes (420ms)
				ProcessInitializeOnLoadMethodAttributes (72ms)
				AfterProcessingInitializeOnLoad (1ms)
				EditorAssembliesLoaded (0ms)
			ExecutionOrderSort2 (0ms)
			AwakeInstancesAfterBackupRestoration (28ms)
Platform modules already initialized, skipping
Refreshing native plugins compatible for Editor in 0.80 ms, found 2 plugins.
Preloading 0 native plugins for Editor in 0.00 ms.
Unloading 1900 Unused Serialized files (Serialized files now loaded: 0)
System memory in use before: 189.2 MB.
System memory in use after: 189.2 MB.

Unloading 22 unused Assets to reduce memory usage. Loaded Objects now: 2465.
Total: 4.345328 ms (FindLiveObjects: 0.248242 ms CreateObjectMapping: 0.095558 ms MarkObjects: 3.898148 ms  DeleteObjects: 0.102105 ms)

AssetImportParameters requested are different than current active one (requested -> active):
  custom:video-decoder-ogg-theora: a1e56fd34408186e4bbccfd4996cb3dc -> 
  custom:container-muxer-webm: aa71ff27fc2769a1b78a27578f13a17b -> 
  custom:container-demuxer-webm: 4f35f7cbe854078d1ac9338744f61a02 -> 
  custom:container-demuxer-ogg: 62fdf1f143b41e24485cea50d1cbac27 -> 
  custom:video-encoder-webm-vp8: eb34c28f22e8b96e1ab97ce403110664 -> 
  custom:framework-osx-AVFoundation: b23960f63f64bdc6ff669e2cdcee2391 -> 
  custom:video-decoder-webm-vp8: 9c59270c3fd7afecdb556c50c9e8de78 -> 
  custom:audio-decoder-ogg-vorbis: bf7c407c2cedff20999df2af8eb42d56 -> 
  custom:audio-encoder-webm-vorbis: bf7c407c2cedff20999df2af8eb42d56 -> 
========================================================================
Received Prepare
Registering precompiled user dll's ...
Registered in 0.136740 seconds.
Begin MonoManager ReloadAssembly
Native extension for WindowsStandalone target not found
Native extension for OSXStandalone target not found
Refreshing native plugins compatible for Editor in 0.80 ms, found 2 plugins.
Preloading 0 native plugins for Editor in 0.00 ms.
Mono: successfully reloaded assembly
Exception thrown while invoking [DidReloadScripts] method 'Valve.VR.SteamVR_CopyExampleInputFiles:OnReloadScripts ()' : ArgumentException: The specified path is not of a legal form (empty).
  at System.IO.Path.InsecureGetFullPath (System.String path) [0x00025] in <695d1cc93cca45069c528c15c9fdd749>:0 
  at System.IO.Path.GetFullPathInternal (System.String path) [0x00000] in <695d1cc93cca45069c528c15c9fdd749>:0 
  at System.IO.FileInfo.Init (System.String fileName, System.Boolean checkHost) [0x00007] in <695d1cc93cca45069c528c15c9fdd749>:0 
  at System.IO.FileInfo..ctor (System.String fileName) [0x00014] in <695d1cc93cca45069c528c15c9fdd749>:0 
  at (wrapper remoting-invoke-with-check) System.IO.FileInfo..ctor(string)
  at Valve.VR.SteamVR.GetSteamVRFolderParentPath (System.Boolean localToAssetsFolder) [0x0000f] in /Volumes/HDD/unity/VR-refs/Assets/SteamVR/Scripts/SteamVR.cs:399 
  at Valve.VR.SteamVR.GetSteamVRResourcesFolderPath (System.Boolean localToAssetsFolder) [0x00000] in /Volumes/HDD/unity/VR-refs/Assets/SteamVR/Scripts/SteamVR.cs:436 
  at Valve.VR.SteamVR_Settings.LoadInstance () [0x00033] in /Volumes/HDD/unity/VR-refs/Assets/SteamVR/Scripts/SteamVR_Settings.cs:110 
  at Valve.VR.SteamVR_Settings.get_instance () [0x00000] in /Volumes/HDD/unity/VR-refs/Assets/SteamVR/Scripts/SteamVR_Settings.cs:18 
  at Valve.VR.SteamVR_Input.CheckOldLocation () [0x00014] in /Volumes/HDD/unity/VR-refs/Assets/SteamVR/Input/SteamVR_Input.cs:1312 
  at Valve.VR.SteamVR_CopyExampleInputFiles.OnReloadScripts () [0x00000] in /Volumes/HDD/unity/VR-refs/Assets/SteamVR/Input/Editor/SteamVR_CopyExampleInputFiles.cs:20 

(Filename: Assets/SteamVR/Scripts/SteamVR.cs Line: 399)

- Completed reload, in  3.180 seconds
Domain Reload Profiling:
	ReloadAssembly (3197ms)
		BeginReloadAssembly (316ms)
			ExecutionOrderSort (0ms)
			DisableScriptedObjects (16ms)
			BackupInstance (0ms)
			ReleaseScriptingObjects (0ms)
			CreateAndSetChildDomain (171ms)
		EndReloadAssembly (2761ms)
			LoadAssemblies (831ms)
			RebuildTransferFunctionScriptingTraits (0ms)
			SetupTypeCache (667ms)
			ReleaseScriptCaches (1ms)
			RebuildScriptCaches (83ms)
			SetupLoadedEditorAssemblies (808ms)
				LogAssemblyErrors (0ms)
				InitializePlatformSupportModulesInManaged (7ms)
				SetLoadedEditorAssemblies (1ms)
				RefreshPlugins (1ms)
				BeforeProcessingInitializeOnLoad (206ms)
				ProcessInitializeOnLoadAttributes (513ms)
				ProcessInitializeOnLoadMethodAttributes (78ms)
				AfterProcessingInitializeOnLoad (1ms)
				EditorAssembliesLoaded (0ms)
			ExecutionOrderSort2 (0ms)
			AwakeInstancesAfterBackupRestoration (25ms)
Platform modules already initialized, skipping
Refreshing native plugins compatible for Editor in 0.72 ms, found 2 plugins.
Preloading 0 native plugins for Editor in 0.00 ms.
Unloading 1900 Unused Serialized files (Serialized files now loaded: 0)
System memory in use before: 189.6 MB.
System memory in use after: 189.6 MB.

Unloading 22 unused Assets to reduce memory usage. Loaded Objects now: 2481.
Total: 5.182080 ms (FindLiveObjects: 0.276696 ms CreateObjectMapping: 0.088715 ms MarkObjects: 4.657415 ms  DeleteObjects: 0.157373 ms)

AssetImportParameters requested are different than current active one (requested -> active):
  custom:video-decoder-ogg-theora: a1e56fd34408186e4bbccfd4996cb3dc -> 
  custom:container-muxer-webm: aa71ff27fc2769a1b78a27578f13a17b -> 
  custom:container-demuxer-webm: 4f35f7cbe854078d1ac9338744f61a02 -> 
  custom:container-demuxer-ogg: 62fdf1f143b41e24485cea50d1cbac27 -> 
  custom:video-encoder-webm-vp8: eb34c28f22e8b96e1ab97ce403110664 -> 
  custom:framework-osx-AVFoundation: b23960f63f64bdc6ff669e2cdcee2391 -> 
  custom:video-decoder-webm-vp8: 9c59270c3fd7afecdb556c50c9e8de78 -> 
  custom:audio-decoder-ogg-vorbis: bf7c407c2cedff20999df2af8eb42d56 -> 
  custom:audio-encoder-webm-vorbis: bf7c407c2cedff20999df2af8eb42d56 -> 
========================================================================
Received Prepare
Registering precompiled user dll's ...
Registered in 0.100580 seconds.
Begin MonoManager ReloadAssembly
Native extension for WindowsStandalone target not found
Native extension for OSXStandalone target not found
Refreshing native plugins compatible for Editor in 1.20 ms, found 2 plugins.
Preloading 0 native plugins for Editor in 0.00 ms.
Mono: successfully reloaded assembly
Exception thrown while invoking [DidReloadScripts] method 'Valve.VR.SteamVR_CopyExampleInputFiles:OnReloadScripts ()' : ArgumentException: The specified path is not of a legal form (empty).
  at System.IO.Path.InsecureGetFullPath (System.String path) [0x00025] in <695d1cc93cca45069c528c15c9fdd749>:0 
  at System.IO.Path.GetFullPathInternal (System.String path) [0x00000] in <695d1cc93cca45069c528c15c9fdd749>:0 
  at System.IO.FileInfo.Init (System.String fileName, System.Boolean checkHost) [0x00007] in <695d1cc93cca45069c528c15c9fdd749>:0 
  at System.IO.FileInfo..ctor (System.String fileName) [0x00014] in <695d1cc93cca45069c528c15c9fdd749>:0 
  at (wrapper remoting-invoke-with-check) System.IO.FileInfo..ctor(string)
  at Valve.VR.SteamVR.GetSteamVRFolderParentPath (System.Boolean localToAssetsFolder) [0x0000f] in /Volumes/HDD/unity/VR-refs/Assets/SteamVR/Scripts/SteamVR.cs:399 
  at Valve.VR.SteamVR.GetSteamVRResourcesFolderPath (System.Boolean localToAssetsFolder) [0x00000] in /Volumes/HDD/unity/VR-refs/Assets/SteamVR/Scripts/SteamVR.cs:436 
  at Valve.VR.SteamVR_Settings.LoadInstance () [0x00033] in /Volumes/HDD/unity/VR-refs/Assets/SteamVR/Scripts/SteamVR_Settings.cs:110 
  at Valve.VR.SteamVR_Settings.get_instance () [0x00000] in /Volumes/HDD/unity/VR-refs/Assets/SteamVR/Scripts/SteamVR_Settings.cs:18 
  at Valve.VR.SteamVR_Input.CheckOldLocation () [0x00014] in /Volumes/HDD/unity/VR-refs/Assets/SteamVR/Input/SteamVR_Input.cs:1312 
  at Valve.VR.SteamVR_CopyExampleInputFiles.OnReloadScripts () [0x00000] in /Volumes/HDD/unity/VR-refs/Assets/SteamVR/Input/Editor/SteamVR_CopyExampleInputFiles.cs:20 

(Filename: Assets/SteamVR/Scripts/SteamVR.cs Line: 399)

- Completed reload, in  3.316 seconds
Domain Reload Profiling:
	ReloadAssembly (3328ms)
		BeginReloadAssembly (365ms)
			ExecutionOrderSort (0ms)
			DisableScriptedObjects (18ms)
			BackupInstance (0ms)
			ReleaseScriptingObjects (0ms)
			CreateAndSetChildDomain (184ms)
		EndReloadAssembly (2834ms)
			LoadAssemblies (792ms)
			RebuildTransferFunctionScriptingTraits (0ms)
			SetupTypeCache (643ms)
			ReleaseScriptCaches (2ms)
			RebuildScriptCaches (84ms)
			SetupLoadedEditorAssemblies (874ms)
				LogAssemblyErrors (0ms)
				InitializePlatformSupportModulesInManaged (7ms)
				SetLoadedEditorAssemblies (1ms)
				RefreshPlugins (1ms)
				BeforeProcessingInitializeOnLoad (213ms)
				ProcessInitializeOnLoadAttributes (531ms)
				ProcessInitializeOnLoadMethodAttributes (118ms)
				AfterProcessingInitializeOnLoad (2ms)
				EditorAssembliesLoaded (0ms)
			ExecutionOrderSort2 (0ms)
			AwakeInstancesAfterBackupRestoration (26ms)
Platform modules already initialized, skipping
Refreshing native plugins compatible for Editor in 0.72 ms, found 2 plugins.
Preloading 0 native plugins for Editor in 0.00 ms.
Unloading 1900 Unused Serialized files (Serialized files now loaded: 0)
System memory in use before: 189.8 MB.
System memory in use after: 189.8 MB.

Unloading 22 unused Assets to reduce memory usage. Loaded Objects now: 2497.
Total: 4.895712 ms (FindLiveObjects: 0.267650 ms CreateObjectMapping: 0.126980 ms MarkObjects: 4.365680 ms  DeleteObjects: 0.133842 ms)

AssetImportParameters requested are different than current active one (requested -> active):
  custom:video-decoder-ogg-theora: a1e56fd34408186e4bbccfd4996cb3dc -> 
  custom:container-muxer-webm: aa71ff27fc2769a1b78a27578f13a17b -> 
  custom:container-demuxer-webm: 4f35f7cbe854078d1ac9338744f61a02 -> 
  custom:container-demuxer-ogg: 62fdf1f143b41e24485cea50d1cbac27 -> 
  custom:video-encoder-webm-vp8: eb34c28f22e8b96e1ab97ce403110664 -> 
  custom:framework-osx-AVFoundation: b23960f63f64bdc6ff669e2cdcee2391 -> 
  custom:video-decoder-webm-vp8: 9c59270c3fd7afecdb556c50c9e8de78 -> 
  custom:audio-decoder-ogg-vorbis: bf7c407c2cedff20999df2af8eb42d56 -> 
  custom:audio-encoder-webm-vorbis: bf7c407c2cedff20999df2af8eb42d56 -> 
========================================================================
Received Import Request.
  Time since last request: 12791.181737 seconds.
  path: Assets/main/gun.prefab
  artifactKey: Guid(6956ec945fd0549929a9fc229a2a424c) Importer(815301076,1909f56bfc062723c751e8b465ee728b)
Start importing Assets/main/gun.prefab using Guid(6956ec945fd0549929a9fc229a2a424c) Importer(815301076,1909f56bfc062723c751e8b465ee728b)  -> (artifact id: '49c567f53e98ada864178b2d49ef6a9c') in 2.179331 seconds 
  Import took 2.318161 seconds .

========================================================================
Received Prepare
Registering precompiled user dll's ...
Registered in 0.100243 seconds.
Begin MonoManager ReloadAssembly
Native extension for WindowsStandalone target not found
Native extension for OSXStandalone target not found
Refreshing native plugins compatible for Editor in 0.77 ms, found 2 plugins.
Preloading 0 native plugins for Editor in 0.00 ms.
Mono: successfully reloaded assembly
Exception thrown while invoking [DidReloadScripts] method 'Valve.VR.SteamVR_CopyExampleInputFiles:OnReloadScripts ()' : ArgumentException: The specified path is not of a legal form (empty).
  at System.IO.Path.InsecureGetFullPath (System.String path) [0x00025] in <695d1cc93cca45069c528c15c9fdd749>:0 
  at System.IO.Path.GetFullPathInternal (System.String path) [0x00000] in <695d1cc93cca45069c528c15c9fdd749>:0 
  at System.IO.FileInfo.Init (System.String fileName, System.Boolean checkHost) [0x00007] in <695d1cc93cca45069c528c15c9fdd749>:0 
  at System.IO.FileInfo..ctor (System.String fileName) [0x00014] in <695d1cc93cca45069c528c15c9fdd749>:0 
  at (wrapper remoting-invoke-with-check) System.IO.FileInfo..ctor(string)
  at Valve.VR.SteamVR.GetSteamVRFolderParentPath (System.Boolean localToAssetsFolder) [0x0000f] in /Volumes/HDD/unity/VR-refs/Assets/SteamVR/Scripts/SteamVR.cs:399 
  at Valve.VR.SteamVR.GetSteamVRResourcesFolderPath (System.Boolean localToAssetsFolder) [0x00000] in /Volumes/HDD/unity/VR-refs/Assets/SteamVR/Scripts/SteamVR.cs:436 
  at Valve.VR.SteamVR_Settings.LoadInstance () [0x00033] in /Volumes/HDD/unity/VR-refs/Assets/SteamVR/Scripts/SteamVR_Settings.cs:110 
  at Valve.VR.SteamVR_Settings.get_instance () [0x00000] in /Volumes/HDD/unity/VR-refs/Assets/SteamVR/Scripts/SteamVR_Settings.cs:18 
  at Valve.VR.SteamVR_Input.CheckOldLocation () [0x00014] in /Volumes/HDD/unity/VR-refs/Assets/SteamVR/Input/SteamVR_Input.cs:1312 
  at Valve.VR.SteamVR_CopyExampleInputFiles.OnReloadScripts () [0x00000] in /Volumes/HDD/unity/VR-refs/Assets/SteamVR/Input/Editor/SteamVR_CopyExampleInputFiles.cs:20 

(Filename: Assets/SteamVR/Scripts/SteamVR.cs Line: 399)

- Completed reload, in  2.965 seconds
Domain Reload Profiling:
	ReloadAssembly (3008ms)
		BeginReloadAssembly (354ms)
			ExecutionOrderSort (0ms)
			DisableScriptedObjects (15ms)
			BackupInstance (0ms)
			ReleaseScriptingObjects (0ms)
			CreateAndSetChildDomain (177ms)
		EndReloadAssembly (2535ms)
			LoadAssemblies (681ms)
			RebuildTransferFunctionScriptingTraits (0ms)
			SetupTypeCache (639ms)
			ReleaseScriptCaches (2ms)
			RebuildScriptCaches (80ms)
			SetupLoadedEditorAssemblies (750ms)
				LogAssemblyErrors (0ms)
				InitializePlatformSupportModulesInManaged (7ms)
				SetLoadedEditorAssemblies (1ms)
				RefreshPlugins (1ms)
				BeforeProcessingInitializeOnLoad (193ms)
				ProcessInitializeOnLoadAttributes (465ms)
				ProcessInitializeOnLoadMethodAttributes (80ms)
				AfterProcessingInitializeOnLoad (2ms)
				EditorAssembliesLoaded (0ms)
			ExecutionOrderSort2 (0ms)
			AwakeInstancesAfterBackupRestoration (31ms)
Platform modules already initialized, skipping
Refreshing native plugins compatible for Editor in 0.72 ms, found 2 plugins.
Preloading 0 native plugins for Editor in 0.00 ms.
Unloading 1900 Unused Serialized files (Serialized files now loaded: 0)
System memory in use before: 194.7 MB.
System memory in use after: 194.7 MB.

Unloading 22 unused Assets to reduce memory usage. Loaded Objects now: 2520.
Total: 4.934489 ms (FindLiveObjects: 0.319975 ms CreateObjectMapping: 0.114993 ms MarkObjects: 4.365538 ms  DeleteObjects: 0.132419 ms)

AssetImportParameters requested are different than current active one (requested -> active):
  custom:video-decoder-ogg-theora: a1e56fd34408186e4bbccfd4996cb3dc -> 
  custom:container-muxer-webm: aa71ff27fc2769a1b78a27578f13a17b -> 
  custom:container-demuxer-webm: 4f35f7cbe854078d1ac9338744f61a02 -> 
  custom:container-demuxer-ogg: 62fdf1f143b41e24485cea50d1cbac27 -> 
  custom:video-encoder-webm-vp8: eb34c28f22e8b96e1ab97ce403110664 -> 
  custom:framework-osx-AVFoundation: b23960f63f64bdc6ff669e2cdcee2391 -> 
  custom:video-decoder-webm-vp8: 9c59270c3fd7afecdb556c50c9e8de78 -> 
  custom:audio-decoder-ogg-vorbis: bf7c407c2cedff20999df2af8eb42d56 -> 
  custom:audio-encoder-webm-vorbis: bf7c407c2cedff20999df2af8eb42d56 -> 
========================================================================
Received Import Request.
  Time since last request: 291.633065 seconds.
  path: Assets/main/gun.prefab
  artifactKey: Guid(6956ec945fd0549929a9fc229a2a424c) Importer(815301076,1909f56bfc062723c751e8b465ee728b)
Start importing Assets/main/gun.prefab using Guid(6956ec945fd0549929a9fc229a2a424c) Importer(815301076,1909f56bfc062723c751e8b465ee728b)  -> (artifact id: '56836b4d925a9e08e32e343078350cbc') in 0.831602 seconds 
  Import took 0.968180 seconds .

========================================================================
Received Prepare
Registering precompiled user dll's ...
Registered in 0.153772 seconds.
Begin MonoManager ReloadAssembly
Native extension for WindowsStandalone target not found
Native extension for OSXStandalone target not found
Refreshing native plugins compatible for Editor in 0.90 ms, found 2 plugins.
Preloading 0 native plugins for Editor in 0.00 ms.
Mono: successfully reloaded assembly
Exception thrown while invoking [DidReloadScripts] method 'Valve.VR.SteamVR_CopyExampleInputFiles:OnReloadScripts ()' : ArgumentException: The specified path is not of a legal form (empty).
  at System.IO.Path.InsecureGetFullPath (System.String path) [0x00025] in <695d1cc93cca45069c528c15c9fdd749>:0 
  at System.IO.Path.GetFullPathInternal (System.String path) [0x00000] in <695d1cc93cca45069c528c15c9fdd749>:0 
  at System.IO.FileInfo.Init (System.String fileName, System.Boolean checkHost) [0x00007] in <695d1cc93cca45069c528c15c9fdd749>:0 
  at System.IO.FileInfo..ctor (System.String fileName) [0x00014] in <695d1cc93cca45069c528c15c9fdd749>:0 
  at (wrapper remoting-invoke-with-check) System.IO.FileInfo..ctor(string)
  at Valve.VR.SteamVR.GetSteamVRFolderParentPath (System.Boolean localToAssetsFolder) [0x0000f] in /Volumes/HDD/unity/VR-refs/Assets/SteamVR/Scripts/SteamVR.cs:399 
  at Valve.VR.SteamVR.GetSteamVRResourcesFolderPath (System.Boolean localToAssetsFolder) [0x00000] in /Volumes/HDD/unity/VR-refs/Assets/SteamVR/Scripts/SteamVR.cs:436 
  at Valve.VR.SteamVR_Settings.LoadInstance () [0x00033] in /Volumes/HDD/unity/VR-refs/Assets/SteamVR/Scripts/SteamVR_Settings.cs:110 
  at Valve.VR.SteamVR_Settings.get_instance () [0x00000] in /Volumes/HDD/unity/VR-refs/Assets/SteamVR/Scripts/SteamVR_Settings.cs:18 
  at Valve.VR.SteamVR_Input.CheckOldLocation () [0x00014] in /Volumes/HDD/unity/VR-refs/Assets/SteamVR/Input/SteamVR_Input.cs:1312 
  at Valve.VR.SteamVR_CopyExampleInputFiles.OnReloadScripts () [0x00000] in /Volumes/HDD/unity/VR-refs/Assets/SteamVR/Input/Editor/SteamVR_CopyExampleInputFiles.cs:20 

(Filename: Assets/SteamVR/Scripts/SteamVR.cs Line: 399)

- Completed reload, in  3.219 seconds
Domain Reload Profiling:
	ReloadAssembly (3254ms)
		BeginReloadAssembly (445ms)
			ExecutionOrderSort (0ms)
			DisableScriptedObjects (23ms)
			BackupInstance (0ms)
			ReleaseScriptingObjects (0ms)
			CreateAndSetChildDomain (215ms)
		EndReloadAssembly (2682ms)
			LoadAssemblies (827ms)
			RebuildTransferFunctionScriptingTraits (0ms)
			SetupTypeCache (674ms)
			ReleaseScriptCaches (2ms)
			RebuildScriptCaches (82ms)
			SetupLoadedEditorAssemblies (728ms)
				LogAssemblyErrors (0ms)
				InitializePlatformSupportModulesInManaged (37ms)
				SetLoadedEditorAssemblies (1ms)
				RefreshPlugins (1ms)
				BeforeProcessingInitializeOnLoad (202ms)
				ProcessInitializeOnLoadAttributes (415ms)
				ProcessInitializeOnLoadMethodAttributes (72ms)
				AfterProcessingInitializeOnLoad (1ms)
				EditorAssembliesLoaded (0ms)
			ExecutionOrderSort2 (0ms)
			AwakeInstancesAfterBackupRestoration (28ms)
Platform modules already initialized, skipping
Refreshing native plugins compatible for Editor in 0.92 ms, found 2 plugins.
Preloading 0 native plugins for Editor in 0.00 ms.
Unloading 1900 Unused Serialized files (Serialized files now loaded: 0)
System memory in use before: 194.9 MB.
System memory in use after: 194.9 MB.

Unloading 22 unused Assets to reduce memory usage. Loaded Objects now: 2537.
Total: 4.998614 ms (FindLiveObjects: 0.266809 ms CreateObjectMapping: 0.081229 ms MarkObjects: 4.507687 ms  DeleteObjects: 0.141262 ms)

AssetImportParameters requested are different than current active one (requested -> active):
  custom:video-decoder-ogg-theora: a1e56fd34408186e4bbccfd4996cb3dc -> 
  custom:container-muxer-webm: aa71ff27fc2769a1b78a27578f13a17b -> 
  custom:container-demuxer-webm: 4f35f7cbe854078d1ac9338744f61a02 -> 
  custom:container-demuxer-ogg: 62fdf1f143b41e24485cea50d1cbac27 -> 
  custom:video-encoder-webm-vp8: eb34c28f22e8b96e1ab97ce403110664 -> 
  custom:framework-osx-AVFoundation: b23960f63f64bdc6ff669e2cdcee2391 -> 
  custom:video-decoder-webm-vp8: 9c59270c3fd7afecdb556c50c9e8de78 -> 
  custom:audio-decoder-ogg-vorbis: bf7c407c2cedff20999df2af8eb42d56 -> 
  custom:audio-encoder-webm-vorbis: bf7c407c2cedff20999df2af8eb42d56 -> 
========================================================================
Received Import Request.
  Time since last request: 3470.223778 seconds.
  path: Assets/main/gun.prefab
  artifactKey: Guid(6956ec945fd0549929a9fc229a2a424c) Importer(815301076,1909f56bfc062723c751e8b465ee728b)
Start importing Assets/main/gun.prefab using Guid(6956ec945fd0549929a9fc229a2a424c) Importer(815301076,1909f56bfc062723c751e8b465ee728b)  -> (artifact id: 'cd1d309e6d4e7412bdba6f3e56f6863f') in 0.936805 seconds 
  Import took 1.004783 seconds .

========================================================================
Received Import Request.
  Time since last request: 6.863921 seconds.
  path: Assets/main/gun.prefab
  artifactKey: Guid(6956ec945fd0549929a9fc229a2a424c) Importer(815301076,1909f56bfc062723c751e8b465ee728b)
Start importing Assets/main/gun.prefab using Guid(6956ec945fd0549929a9fc229a2a424c) Importer(815301076,1909f56bfc062723c751e8b465ee728b)  -> (artifact id: '154455d47658a4bd3b6d7bf266935f66') in 0.556292 seconds 
  Import took 0.650016 seconds .

========================================================================
Received Prepare
Registering precompiled user dll's ...
Registered in 0.108022 seconds.
Begin MonoManager ReloadAssembly
Native extension for WindowsStandalone target not found
Native extension for OSXStandalone target not found
Refreshing native plugins compatible for Editor in 1.12 ms, found 2 plugins.
Preloading 0 native plugins for Editor in 0.00 ms.
Mono: successfully reloaded assembly
Exception thrown while invoking [DidReloadScripts] method 'Valve.VR.SteamVR_CopyExampleInputFiles:OnReloadScripts ()' : ArgumentException: The specified path is not of a legal form (empty).
  at System.IO.Path.InsecureGetFullPath (System.String path) [0x00025] in <695d1cc93cca45069c528c15c9fdd749>:0 
  at System.IO.Path.GetFullPathInternal (System.String path) [0x00000] in <695d1cc93cca45069c528c15c9fdd749>:0 
  at System.IO.FileInfo.Init (System.String fileName, System.Boolean checkHost) [0x00007] in <695d1cc93cca45069c528c15c9fdd749>:0 
  at System.IO.FileInfo..ctor (System.String fileName) [0x00014] in <695d1cc93cca45069c528c15c9fdd749>:0 
  at (wrapper remoting-invoke-with-check) System.IO.FileInfo..ctor(string)
  at Valve.VR.SteamVR.GetSteamVRFolderParentPath (System.Boolean localToAssetsFolder) [0x0000f] in /Volumes/HDD/unity/VR-refs/Assets/SteamVR/Scripts/SteamVR.cs:399 
  at Valve.VR.SteamVR.GetSteamVRResourcesFolderPath (System.Boolean localToAssetsFolder) [0x00000] in /Volumes/HDD/unity/VR-refs/Assets/SteamVR/Scripts/SteamVR.cs:436 
  at Valve.VR.SteamVR_Settings.LoadInstance () [0x00033] in /Volumes/HDD/unity/VR-refs/Assets/SteamVR/Scripts/SteamVR_Settings.cs:110 
  at Valve.VR.SteamVR_Settings.get_instance () [0x00000] in /Volumes/HDD/unity/VR-refs/Assets/SteamVR/Scripts/SteamVR_Settings.cs:18 
  at Valve.VR.SteamVR_Input.CheckOldLocation () [0x00014] in /Volumes/HDD/unity/VR-refs/Assets/SteamVR/Input/SteamVR_Input.cs:1312 
  at Valve.VR.SteamVR_CopyExampleInputFiles.OnReloadScripts () [0x00000] in /Volumes/HDD/unity/VR-refs/Assets/SteamVR/Input/Editor/SteamVR_CopyExampleInputFiles.cs:20 

(Filename: Assets/SteamVR/Scripts/SteamVR.cs Line: 399)

- Completed reload, in  2.502 seconds
Domain Reload Profiling:
	ReloadAssembly (2503ms)
		BeginReloadAssembly (301ms)
			ExecutionOrderSort (0ms)
			DisableScriptedObjects (14ms)
			BackupInstance (0ms)
			ReleaseScriptingObjects (0ms)
			CreateAndSetChildDomain (114ms)
		EndReloadAssembly (2073ms)
			LoadAssemblies (223ms)
			RebuildTransferFunctionScriptingTraits (0ms)
			SetupTypeCache (717ms)
			ReleaseScriptCaches (1ms)
			RebuildScriptCaches (92ms)
			SetupLoadedEditorAssemblies (714ms)
				LogAssemblyErrors (0ms)
				InitializePlatformSupportModulesInManaged (10ms)
				SetLoadedEditorAssemblies (1ms)
				RefreshPlugins (1ms)
				BeforeProcessingInitializeOnLoad (251ms)
				ProcessInitializeOnLoadAttributes (433ms)
				ProcessInitializeOnLoadMethodAttributes (15ms)
				AfterProcessingInitializeOnLoad (2ms)
				EditorAssembliesLoaded (0ms)
			ExecutionOrderSort2 (0ms)
			AwakeInstancesAfterBackupRestoration (30ms)
Platform modules already initialized, skipping
Refreshing native plugins compatible for Editor in 0.84 ms, found 2 plugins.
Preloading 0 native plugins for Editor in 0.00 ms.
Unloading 1900 Unused Serialized files (Serialized files now loaded: 0)
System memory in use before: 195.0 MB.
System memory in use after: 195.1 MB.

Unloading 22 unused Assets to reduce memory usage. Loaded Objects now: 2554.
Total: 5.264239 ms (FindLiveObjects: 0.376631 ms CreateObjectMapping: 0.224095 ms MarkObjects: 4.551648 ms  DeleteObjects: 0.109200 ms)

AssetImportParameters requested are different than current active one (requested -> active):
  custom:video-decoder-ogg-theora: a1e56fd34408186e4bbccfd4996cb3dc -> 
  custom:container-muxer-webm: aa71ff27fc2769a1b78a27578f13a17b -> 
  custom:container-demuxer-webm: 4f35f7cbe854078d1ac9338744f61a02 -> 
  custom:container-demuxer-ogg: 62fdf1f143b41e24485cea50d1cbac27 -> 
  custom:video-encoder-webm-vp8: eb34c28f22e8b96e1ab97ce403110664 -> 
  custom:framework-osx-AVFoundation: b23960f63f64bdc6ff669e2cdcee2391 -> 
  custom:video-decoder-webm-vp8: 9c59270c3fd7afecdb556c50c9e8de78 -> 
  custom:audio-decoder-ogg-vorbis: bf7c407c2cedff20999df2af8eb42d56 -> 
  custom:audio-encoder-webm-vorbis: bf7c407c2cedff20999df2af8eb42d56 -> 
========================================================================
Received Prepare
Registering precompiled user dll's ...
Registered in 0.093579 seconds.
Begin MonoManager ReloadAssembly
Native extension for WindowsStandalone target not found
Native extension for OSXStandalone target not found
Refreshing native plugins compatible for Editor in 0.75 ms, found 2 plugins.
Preloading 0 native plugins for Editor in 0.00 ms.
Mono: successfully reloaded assembly
Exception thrown while invoking [DidReloadScripts] method 'Valve.VR.SteamVR_CopyExampleInputFiles:OnReloadScripts ()' : ArgumentException: The specified path is not of a legal form (empty).
  at System.IO.Path.InsecureGetFullPath (System.String path) [0x00025] in <695d1cc93cca45069c528c15c9fdd749>:0 
  at System.IO.Path.GetFullPathInternal (System.String path) [0x00000] in <695d1cc93cca45069c528c15c9fdd749>:0 
  at System.IO.FileInfo.Init (System.String fileName, System.Boolean checkHost) [0x00007] in <695d1cc93cca45069c528c15c9fdd749>:0 
  at System.IO.FileInfo..ctor (System.String fileName) [0x00014] in <695d1cc93cca45069c528c15c9fdd749>:0 
  at (wrapper remoting-invoke-with-check) System.IO.FileInfo..ctor(string)
  at Valve.VR.SteamVR.GetSteamVRFolderParentPath (System.Boolean localToAssetsFolder) [0x0000f] in /Volumes/HDD/unity/VR-refs/Assets/SteamVR/Scripts/SteamVR.cs:399 
  at Valve.VR.SteamVR.GetSteamVRResourcesFolderPath (System.Boolean localToAssetsFolder) [0x00000] in /Volumes/HDD/unity/VR-refs/Assets/SteamVR/Scripts/SteamVR.cs:436 
  at Valve.VR.SteamVR_Settings.LoadInstance () [0x00033] in /Volumes/HDD/unity/VR-refs/Assets/SteamVR/Scripts/SteamVR_Settings.cs:110 
  at Valve.VR.SteamVR_Settings.get_instance () [0x00000] in /Volumes/HDD/unity/VR-refs/Assets/SteamVR/Scripts/SteamVR_Settings.cs:18 
  at Valve.VR.SteamVR_Input.CheckOldLocation () [0x00014] in /Volumes/HDD/unity/VR-refs/Assets/SteamVR/Input/SteamVR_Input.cs:1312 
  at Valve.VR.SteamVR_CopyExampleInputFiles.OnReloadScripts () [0x00000] in /Volumes/HDD/unity/VR-refs/Assets/SteamVR/Input/Editor/SteamVR_CopyExampleInputFiles.cs:20 

(Filename: Assets/SteamVR/Scripts/SteamVR.cs Line: 399)

- Completed reload, in  3.156 seconds
Domain Reload Profiling:
	ReloadAssembly (3175ms)
		BeginReloadAssembly (340ms)
			ExecutionOrderSort (0ms)
			DisableScriptedObjects (20ms)
			BackupInstance (0ms)
			ReleaseScriptingObjects (0ms)
			CreateAndSetChildDomain (179ms)
		EndReloadAssembly (2715ms)
			LoadAssemblies (782ms)
			RebuildTransferFunctionScriptingTraits (0ms)
			SetupTypeCache (686ms)
			ReleaseScriptCaches (2ms)
			RebuildScriptCaches (86ms)
			SetupLoadedEditorAssemblies (767ms)
				LogAssemblyErrors (0ms)
				InitializePlatformSupportModulesInManaged (31ms)
				SetLoadedEditorAssemblies (1ms)
				RefreshPlugins (1ms)
				BeforeProcessingInitializeOnLoad (214ms)
				ProcessInitializeOnLoadAttributes (448ms)
				ProcessInitializeOnLoadMethodAttributes (70ms)
				AfterProcessingInitializeOnLoad (1ms)
				EditorAssembliesLoaded (0ms)
			ExecutionOrderSort2 (0ms)
			AwakeInstancesAfterBackupRestoration (28ms)
Platform modules already initialized, skipping
Refreshing native plugins compatible for Editor in 0.95 ms, found 2 plugins.
Preloading 0 native plugins for Editor in 0.00 ms.
Unloading 1900 Unused Serialized files (Serialized files now loaded: 0)
System memory in use before: 195.3 MB.
System memory in use after: 195.3 MB.

Unloading 22 unused Assets to reduce memory usage. Loaded Objects now: 2570.
Total: 5.185393 ms (FindLiveObjects: 0.251148 ms CreateObjectMapping: 0.080132 ms MarkObjects: 4.711574 ms  DeleteObjects: 0.140687 ms)

AssetImportParameters requested are different than current active one (requested -> active):
  custom:video-decoder-ogg-theora: a1e56fd34408186e4bbccfd4996cb3dc -> 
  custom:container-muxer-webm: aa71ff27fc2769a1b78a27578f13a17b -> 
  custom:container-demuxer-webm: 4f35f7cbe854078d1ac9338744f61a02 -> 
  custom:container-demuxer-ogg: 62fdf1f143b41e24485cea50d1cbac27 -> 
  custom:video-encoder-webm-vp8: eb34c28f22e8b96e1ab97ce403110664 -> 
  custom:framework-osx-AVFoundation: b23960f63f64bdc6ff669e2cdcee2391 -> 
  custom:video-decoder-webm-vp8: 9c59270c3fd7afecdb556c50c9e8de78 -> 
  custom:audio-decoder-ogg-vorbis: bf7c407c2cedff20999df2af8eb42d56 -> 
  custom:audio-encoder-webm-vorbis: bf7c407c2cedff20999df2af8eb42d56 -> 
